* installing *source* package ‘N2R’ ...
** using staged installation
** libs
/usr/local/opt/llvm/bin/clang++ -fopenmp -std=gnu++11 -I"/Library/Frameworks/R.framework/Resources/include" -DNDEBUG  -I'/Library/Frameworks/R.framework/Versions/4.0/Resources/library/Rcpp/include' -I'/Library/Frameworks/R.framework/Versions/4.0/Resources/library/RcppEigen/include' -isystem "/usr/local/opt/llvm/include" -isysroot "/Library/Developer/CommandLineTools/SDKs/MacOSX.sdk"  -I"../inst/include" -I"./n2/include"   -fPIC  -Wall -g -O2  -c RcppExports.cpp -o RcppExports.o
In file included from RcppExports.cpp:4:
In file included from /Library/Frameworks/R.framework/Versions/4.0/Resources/library/RcppEigen/include/RcppEigen.h:25:
In file included from /Library/Frameworks/R.framework/Versions/4.0/Resources/library/RcppEigen/include/RcppEigenForward.h:30:
In file included from /Library/Frameworks/R.framework/Versions/4.0/Resources/library/RcppEigen/include/Eigen/Dense:1:
In file included from /Library/Frameworks/R.framework/Versions/4.0/Resources/library/RcppEigen/include/Eigen/Core:535:
/Library/Frameworks/R.framework/Versions/4.0/Resources/library/RcppEigen/include/Eigen/src/Core/util/ReenableStupidWarnings.h:10:30: warning: pragma diagnostic pop could not pop, no matching push [-Wunknown-pragmas]
    #pragma clang diagnostic pop
                             ^
In file included from RcppExports.cpp:4:
In file included from /Library/Frameworks/R.framework/Versions/4.0/Resources/library/RcppEigen/include/RcppEigen.h:25:
In file included from /Library/Frameworks/R.framework/Versions/4.0/Resources/library/RcppEigen/include/RcppEigenForward.h:30:
In file included from /Library/Frameworks/R.framework/Versions/4.0/Resources/library/RcppEigen/include/Eigen/Dense:2:
In file included from /Library/Frameworks/R.framework/Versions/4.0/Resources/library/RcppEigen/include/Eigen/LU:47:
/Library/Frameworks/R.framework/Versions/4.0/Resources/library/RcppEigen/include/Eigen/src/Core/util/ReenableStupidWarnings.h:10:30: warning: pragma diagnostic pop could not pop, no matching push [-Wunknown-pragmas]
    #pragma clang diagnostic pop
                             ^
In file included from RcppExports.cpp:4:
In file included from /Library/Frameworks/R.framework/Versions/4.0/Resources/library/RcppEigen/include/RcppEigen.h:25:
In file included from /Library/Frameworks/R.framework/Versions/4.0/Resources/library/RcppEigen/include/RcppEigenForward.h:30:
In file included from /Library/Frameworks/R.framework/Versions/4.0/Resources/library/RcppEigen/include/Eigen/Dense:3:
In file included from /Library/Frameworks/R.framework/Versions/4.0/Resources/library/RcppEigen/include/Eigen/Cholesky:12:
In file included from /Library/Frameworks/R.framework/Versions/4.0/Resources/library/RcppEigen/include/Eigen/Jacobi:29:
/Library/Frameworks/R.framework/Versions/4.0/Resources/library/RcppEigen/include/Eigen/src/Core/util/ReenableStupidWarnings.h:10:30: warning: pragma diagnostic pop could not pop, no matching push [-Wunknown-pragmas]
    #pragma clang diagnostic pop
                             ^
In file included from RcppExports.cpp:4:
In file included from /Library/Frameworks/R.framework/Versions/4.0/Resources/library/RcppEigen/include/RcppEigen.h:25:
In file included from /Library/Frameworks/R.framework/Versions/4.0/Resources/library/RcppEigen/include/RcppEigenForward.h:30:
In file included from /Library/Frameworks/R.framework/Versions/4.0/Resources/library/RcppEigen/include/Eigen/Dense:3:
In file included from /Library/Frameworks/R.framework/Versions/4.0/Resources/library/RcppEigen/include/Eigen/Cholesky:43:
/Library/Frameworks/R.framework/Versions/4.0/Resources/library/RcppEigen/include/Eigen/src/Core/util/ReenableStupidWarnings.h:10:30: warning: pragma diagnostic pop could not pop, no matching push [-Wunknown-pragmas]
    #pragma clang diagnostic pop
                             ^
In file included from RcppExports.cpp:4:
In file included from /Library/Frameworks/R.framework/Versions/4.0/Resources/library/RcppEigen/include/RcppEigen.h:25:
In file included from /Library/Frameworks/R.framework/Versions/4.0/Resources/library/RcppEigen/include/RcppEigenForward.h:30:
In file included from /Library/Frameworks/R.framework/Versions/4.0/Resources/library/RcppEigen/include/Eigen/Dense:4:
In file included from /Library/Frameworks/R.framework/Versions/4.0/Resources/library/RcppEigen/include/Eigen/QR:17:
In file included from /Library/Frameworks/R.framework/Versions/4.0/Resources/library/RcppEigen/include/Eigen/Householder:27:
/Library/Frameworks/R.framework/Versions/4.0/Resources/library/RcppEigen/include/Eigen/src/Core/util/ReenableStupidWarnings.h:10:30: warning: pragma diagnostic pop could not pop, no matching push [-Wunknown-pragmas]
    #pragma clang diagnostic pop
                             ^
In file included from RcppExports.cpp:4:
In file included from /Library/Frameworks/R.framework/Versions/4.0/Resources/library/RcppEigen/include/RcppEigen.h:25:
In file included from /Library/Frameworks/R.framework/Versions/4.0/Resources/library/RcppEigen/include/RcppEigenForward.h:30:
In file included from /Library/Frameworks/R.framework/Versions/4.0/Resources/library/RcppEigen/include/Eigen/Dense:5:
In file included from /Library/Frameworks/R.framework/Versions/4.0/Resources/library/RcppEigen/include/Eigen/SVD:48:
/Library/Frameworks/R.framework/Versions/4.0/Resources/library/RcppEigen/include/Eigen/src/Core/util/ReenableStupidWarnings.h:10:30: warning: pragma diagnostic pop could not pop, no matching push [-Wunknown-pragmas]
    #pragma clang diagnostic pop
                             ^
In file included from RcppExports.cpp:4:
In file included from /Library/Frameworks/R.framework/Versions/4.0/Resources/library/RcppEigen/include/RcppEigen.h:25:
In file included from /Library/Frameworks/R.framework/Versions/4.0/Resources/library/RcppEigen/include/RcppEigenForward.h:30:
In file included from /Library/Frameworks/R.framework/Versions/4.0/Resources/library/RcppEigen/include/Eigen/Dense:6:
In file included from /Library/Frameworks/R.framework/Versions/4.0/Resources/library/RcppEigen/include/Eigen/Geometry:58:
/Library/Frameworks/R.framework/Versions/4.0/Resources/library/RcppEigen/include/Eigen/src/Core/util/ReenableStupidWarnings.h:10:30: warning: pragma diagnostic pop could not pop, no matching push [-Wunknown-pragmas]
    #pragma clang diagnostic pop
                             ^
In file included from RcppExports.cpp:4:
In file included from /Library/Frameworks/R.framework/Versions/4.0/Resources/library/RcppEigen/include/RcppEigen.h:25:
In file included from /Library/Frameworks/R.framework/Versions/4.0/Resources/library/RcppEigen/include/RcppEigenForward.h:30:
In file included from /Library/Frameworks/R.framework/Versions/4.0/Resources/library/RcppEigen/include/Eigen/Dense:7:
In file included from /Library/Frameworks/R.framework/Versions/4.0/Resources/library/RcppEigen/include/Eigen/Eigenvalues:58:
/Library/Frameworks/R.framework/Versions/4.0/Resources/library/RcppEigen/include/Eigen/src/Core/util/ReenableStupidWarnings.h:10:30: warning: pragma diagnostic pop could not pop, no matching push [-Wunknown-pragmas]
    #pragma clang diagnostic pop
                             ^
In file included from RcppExports.cpp:4:
In file included from /Library/Frameworks/R.framework/Versions/4.0/Resources/library/RcppEigen/include/RcppEigen.h:25:
In file included from /Library/Frameworks/R.framework/Versions/4.0/Resources/library/RcppEigen/include/RcppEigenForward.h:31:
In file included from /Library/Frameworks/R.framework/Versions/4.0/Resources/library/RcppEigen/include/Eigen/Sparse:26:
In file included from /Library/Frameworks/R.framework/Versions/4.0/Resources/library/RcppEigen/include/Eigen/SparseCore:66:
/Library/Frameworks/R.framework/Versions/4.0/Resources/library/RcppEigen/include/Eigen/src/Core/util/ReenableStupidWarnings.h:10:30: warning: pragma diagnostic pop could not pop, no matching push [-Wunknown-pragmas]
    #pragma clang diagnostic pop
                             ^
In file included from RcppExports.cpp:4:
In file included from /Library/Frameworks/R.framework/Versions/4.0/Resources/library/RcppEigen/include/RcppEigen.h:25:
In file included from /Library/Frameworks/R.framework/Versions/4.0/Resources/library/RcppEigen/include/RcppEigenForward.h:31:
In file included from /Library/Frameworks/R.framework/Versions/4.0/Resources/library/RcppEigen/include/Eigen/Sparse:27:
In file included from /Library/Frameworks/R.framework/Versions/4.0/Resources/library/RcppEigen/include/Eigen/OrderingMethods:71:
/Library/Frameworks/R.framework/Versions/4.0/Resources/library/RcppEigen/include/Eigen/src/Core/util/ReenableStupidWarnings.h:10:30: warning: pragma diagnostic pop could not pop, no matching push [-Wunknown-pragmas]
    #pragma clang diagnostic pop
                             ^
In file included from RcppExports.cpp:4:
In file included from /Library/Frameworks/R.framework/Versions/4.0/Resources/library/RcppEigen/include/RcppEigen.h:25:
In file included from /Library/Frameworks/R.framework/Versions/4.0/Resources/library/RcppEigen/include/RcppEigenForward.h:31:
In file included from /Library/Frameworks/R.framework/Versions/4.0/Resources/library/RcppEigen/include/Eigen/Sparse:29:
In file included from /Library/Frameworks/R.framework/Versions/4.0/Resources/library/RcppEigen/include/Eigen/SparseCholesky:43:
/Library/Frameworks/R.framework/Versions/4.0/Resources/library/RcppEigen/include/Eigen/src/Core/util/ReenableStupidWarnings.h:10:30: warning: pragma diagnostic pop could not pop, no matching push [-Wunknown-pragmas]
    #pragma clang diagnostic pop
                             ^
In file included from RcppExports.cpp:4:
In file included from /Library/Frameworks/R.framework/Versions/4.0/Resources/library/RcppEigen/include/RcppEigen.h:25:
In file included from /Library/Frameworks/R.framework/Versions/4.0/Resources/library/RcppEigen/include/RcppEigenForward.h:31:
In file included from /Library/Frameworks/R.framework/Versions/4.0/Resources/library/RcppEigen/include/Eigen/Sparse:32:
In file included from /Library/Frameworks/R.framework/Versions/4.0/Resources/library/RcppEigen/include/Eigen/SparseQR:35:
/Library/Frameworks/R.framework/Versions/4.0/Resources/library/RcppEigen/include/Eigen/src/Core/util/ReenableStupidWarnings.h:10:30: warning: pragma diagnostic pop could not pop, no matching push [-Wunknown-pragmas]
    #pragma clang diagnostic pop
                             ^
In file included from RcppExports.cpp:4:
In file included from /Library/Frameworks/R.framework/Versions/4.0/Resources/library/RcppEigen/include/RcppEigen.h:25:
In file included from /Library/Frameworks/R.framework/Versions/4.0/Resources/library/RcppEigen/include/RcppEigenForward.h:31:
In file included from /Library/Frameworks/R.framework/Versions/4.0/Resources/library/RcppEigen/include/Eigen/Sparse:33:
In file included from /Library/Frameworks/R.framework/Versions/4.0/Resources/library/RcppEigen/include/Eigen/IterativeLinearSolvers:46:
/Library/Frameworks/R.framework/Versions/4.0/Resources/library/RcppEigen/include/Eigen/src/Core/util/ReenableStupidWarnings.h:10:30: warning: pragma diagnostic pop could not pop, no matching push [-Wunknown-pragmas]
    #pragma clang diagnostic pop
                             ^
In file included from RcppExports.cpp:4:
In file included from /Library/Frameworks/R.framework/Versions/4.0/Resources/library/RcppEigen/include/RcppEigen.h:25:
In file included from /Library/Frameworks/R.framework/Versions/4.0/Resources/library/RcppEigen/include/RcppEigenForward.h:32:
In file included from /Library/Frameworks/R.framework/Versions/4.0/Resources/library/RcppEigen/include/Eigen/CholmodSupport:45:
/Library/Frameworks/R.framework/Versions/4.0/Resources/library/RcppEigen/include/Eigen/src/Core/util/ReenableStupidWarnings.h:10:30: warning: pragma diagnostic pop could not pop, no matching push [-Wunknown-pragmas]
    #pragma clang diagnostic pop
                             ^
In file included from RcppExports.cpp:4:
In file included from /Library/Frameworks/R.framework/Versions/4.0/Resources/library/RcppEigen/include/RcppEigen.h:25:
In file included from /Library/Frameworks/R.framework/Versions/4.0/Resources/library/RcppEigen/include/RcppEigenForward.h:35:
In file included from /Library/Frameworks/R.framework/Versions/4.0/Resources/library/RcppEigen/include/unsupported/Eigen/KroneckerProduct:34:
/Library/Frameworks/R.framework/Versions/4.0/Resources/library/RcppEigen/include/unsupported/Eigen/../../Eigen/src/Core/util/ReenableStupidWarnings.h:10:30: warning: pragma diagnostic pop could not pop, no matching push [-Wunknown-pragmas]
    #pragma clang diagnostic pop
                             ^
In file included from RcppExports.cpp:4:
In file included from /Library/Frameworks/R.framework/Versions/4.0/Resources/library/RcppEigen/include/RcppEigen.h:25:
In file included from /Library/Frameworks/R.framework/Versions/4.0/Resources/library/RcppEigen/include/RcppEigenForward.h:39:
In file included from /Library/Frameworks/R.framework/Versions/4.0/Resources/library/RcppEigen/include/unsupported/Eigen/Polynomials:135:
/Library/Frameworks/R.framework/Versions/4.0/Resources/library/RcppEigen/include/unsupported/Eigen/../../Eigen/src/Core/util/ReenableStupidWarnings.h:10:30: warning: pragma diagnostic pop could not pop, no matching push [-Wunknown-pragmas]
    #pragma clang diagnostic pop
                             ^
In file included from RcppExports.cpp:4:
In file included from /Library/Frameworks/R.framework/Versions/4.0/Resources/library/RcppEigen/include/RcppEigen.h:25:
In file included from /Library/Frameworks/R.framework/Versions/4.0/Resources/library/RcppEigen/include/RcppEigenForward.h:40:
In file included from /Library/Frameworks/R.framework/Versions/4.0/Resources/library/RcppEigen/include/unsupported/Eigen/SparseExtra:51:
/Library/Frameworks/R.framework/Versions/4.0/Resources/library/RcppEigen/include/unsupported/Eigen/../../Eigen/src/Core/util/ReenableStupidWarnings.h:10:30: warning: pragma diagnostic pop could not pop, no matching push [-Wunknown-pragmas]
    #pragma clang diagnostic pop
                             ^
17 warnings generated.
/usr/local/opt/llvm/bin/clang++ -fopenmp -std=gnu++11 -I"/Library/Frameworks/R.framework/Resources/include" -DNDEBUG  -I'/Library/Frameworks/R.framework/Versions/4.0/Resources/library/Rcpp/include' -I'/Library/Frameworks/R.framework/Versions/4.0/Resources/library/RcppEigen/include' -isystem "/usr/local/opt/llvm/include" -isysroot "/Library/Developer/CommandLineTools/SDKs/MacOSX.sdk"  -I"../inst/include" -I"./n2/include"   -fPIC  -Wall -g -O2  -c check_openmp.cpp -o check_openmp.o
/usr/local/opt/llvm/bin/clang++ -fopenmp -std=gnu++11 -I"/Library/Frameworks/R.framework/Resources/include" -DNDEBUG  -I'/Library/Frameworks/R.framework/Versions/4.0/Resources/library/Rcpp/include' -I'/Library/Frameworks/R.framework/Versions/4.0/Resources/library/RcppEigen/include' -isystem "/usr/local/opt/llvm/include" -isysroot "/Library/Developer/CommandLineTools/SDKs/MacOSX.sdk"  -I"../inst/include" -I"./n2/include"   -fPIC  -Wall -g -O2  -c n2knn.cpp -o n2knn.o
In file included from n2knn.cpp:3:
In file included from /Library/Frameworks/R.framework/Versions/4.0/Resources/library/RcppEigen/include/RcppEigen.h:25:
In file included from /Library/Frameworks/R.framework/Versions/4.0/Resources/library/RcppEigen/include/RcppEigenForward.h:30:
In file included from /Library/Frameworks/R.framework/Versions/4.0/Resources/library/RcppEigen/include/Eigen/Dense:1:
In file included from /Library/Frameworks/R.framework/Versions/4.0/Resources/library/RcppEigen/include/Eigen/Core:535:
/Library/Frameworks/R.framework/Versions/4.0/Resources/library/RcppEigen/include/Eigen/src/Core/util/ReenableStupidWarnings.h:10:30: warning: pragma diagnostic pop could not pop, no matching push [-Wunknown-pragmas]
    #pragma clang diagnostic pop
                             ^
In file included from n2knn.cpp:3:
In file included from /Library/Frameworks/R.framework/Versions/4.0/Resources/library/RcppEigen/include/RcppEigen.h:25:
In file included from /Library/Frameworks/R.framework/Versions/4.0/Resources/library/RcppEigen/include/RcppEigenForward.h:30:
In file included from /Library/Frameworks/R.framework/Versions/4.0/Resources/library/RcppEigen/include/Eigen/Dense:2:
In file included from /Library/Frameworks/R.framework/Versions/4.0/Resources/library/RcppEigen/include/Eigen/LU:47:
/Library/Frameworks/R.framework/Versions/4.0/Resources/library/RcppEigen/include/Eigen/src/Core/util/ReenableStupidWarnings.h:10:30: warning: pragma diagnostic pop could not pop, no matching push [-Wunknown-pragmas]
    #pragma clang diagnostic pop
                             ^
In file included from n2knn.cpp:3:
In file included from /Library/Frameworks/R.framework/Versions/4.0/Resources/library/RcppEigen/include/RcppEigen.h:25:
In file included from /Library/Frameworks/R.framework/Versions/4.0/Resources/library/RcppEigen/include/RcppEigenForward.h:30:
In file included from /Library/Frameworks/R.framework/Versions/4.0/Resources/library/RcppEigen/include/Eigen/Dense:3:
In file included from /Library/Frameworks/R.framework/Versions/4.0/Resources/library/RcppEigen/include/Eigen/Cholesky:12:
In file included from /Library/Frameworks/R.framework/Versions/4.0/Resources/library/RcppEigen/include/Eigen/Jacobi:29:
/Library/Frameworks/R.framework/Versions/4.0/Resources/library/RcppEigen/include/Eigen/src/Core/util/ReenableStupidWarnings.h:10:30: warning: pragma diagnostic pop could not pop, no matching push [-Wunknown-pragmas]
    #pragma clang diagnostic pop
                             ^
In file included from n2knn.cpp:3:
In file included from /Library/Frameworks/R.framework/Versions/4.0/Resources/library/RcppEigen/include/RcppEigen.h:25:
In file included from /Library/Frameworks/R.framework/Versions/4.0/Resources/library/RcppEigen/include/RcppEigenForward.h:30:
In file included from /Library/Frameworks/R.framework/Versions/4.0/Resources/library/RcppEigen/include/Eigen/Dense:3:
In file included from /Library/Frameworks/R.framework/Versions/4.0/Resources/library/RcppEigen/include/Eigen/Cholesky:43:
/Library/Frameworks/R.framework/Versions/4.0/Resources/library/RcppEigen/include/Eigen/src/Core/util/ReenableStupidWarnings.h:10:30: warning: pragma diagnostic pop could not pop, no matching push [-Wunknown-pragmas]
    #pragma clang diagnostic pop
                             ^
In file included from n2knn.cpp:3:
In file included from /Library/Frameworks/R.framework/Versions/4.0/Resources/library/RcppEigen/include/RcppEigen.h:25:
In file included from /Library/Frameworks/R.framework/Versions/4.0/Resources/library/RcppEigen/include/RcppEigenForward.h:30:
In file included from /Library/Frameworks/R.framework/Versions/4.0/Resources/library/RcppEigen/include/Eigen/Dense:4:
In file included from /Library/Frameworks/R.framework/Versions/4.0/Resources/library/RcppEigen/include/Eigen/QR:17:
In file included from /Library/Frameworks/R.framework/Versions/4.0/Resources/library/RcppEigen/include/Eigen/Householder:27:
/Library/Frameworks/R.framework/Versions/4.0/Resources/library/RcppEigen/include/Eigen/src/Core/util/ReenableStupidWarnings.h:10:30: warning: pragma diagnostic pop could not pop, no matching push [-Wunknown-pragmas]
    #pragma clang diagnostic pop
                             ^
In file included from n2knn.cpp:3:
In file included from /Library/Frameworks/R.framework/Versions/4.0/Resources/library/RcppEigen/include/RcppEigen.h:25:
In file included from /Library/Frameworks/R.framework/Versions/4.0/Resources/library/RcppEigen/include/RcppEigenForward.h:30:
In file included from /Library/Frameworks/R.framework/Versions/4.0/Resources/library/RcppEigen/include/Eigen/Dense:5:
In file included from /Library/Frameworks/R.framework/Versions/4.0/Resources/library/RcppEigen/include/Eigen/SVD:48:
/Library/Frameworks/R.framework/Versions/4.0/Resources/library/RcppEigen/include/Eigen/src/Core/util/ReenableStupidWarnings.h:10:30: warning: pragma diagnostic pop could not pop, no matching push [-Wunknown-pragmas]
    #pragma clang diagnostic pop
                             ^
In file included from n2knn.cpp:3:
In file included from /Library/Frameworks/R.framework/Versions/4.0/Resources/library/RcppEigen/include/RcppEigen.h:25:
In file included from /Library/Frameworks/R.framework/Versions/4.0/Resources/library/RcppEigen/include/RcppEigenForward.h:30:
In file included from /Library/Frameworks/R.framework/Versions/4.0/Resources/library/RcppEigen/include/Eigen/Dense:6:
In file included from /Library/Frameworks/R.framework/Versions/4.0/Resources/library/RcppEigen/include/Eigen/Geometry:58:
/Library/Frameworks/R.framework/Versions/4.0/Resources/library/RcppEigen/include/Eigen/src/Core/util/ReenableStupidWarnings.h:10:30: warning: pragma diagnostic pop could not pop, no matching push [-Wunknown-pragmas]
    #pragma clang diagnostic pop
                             ^
In file included from n2knn.cpp:3:
In file included from /Library/Frameworks/R.framework/Versions/4.0/Resources/library/RcppEigen/include/RcppEigen.h:25:
In file included from /Library/Frameworks/R.framework/Versions/4.0/Resources/library/RcppEigen/include/RcppEigenForward.h:30:
In file included from /Library/Frameworks/R.framework/Versions/4.0/Resources/library/RcppEigen/include/Eigen/Dense:7:
In file included from /Library/Frameworks/R.framework/Versions/4.0/Resources/library/RcppEigen/include/Eigen/Eigenvalues:58:
/Library/Frameworks/R.framework/Versions/4.0/Resources/library/RcppEigen/include/Eigen/src/Core/util/ReenableStupidWarnings.h:10:30: warning: pragma diagnostic pop could not pop, no matching push [-Wunknown-pragmas]
    #pragma clang diagnostic pop
                             ^
In file included from n2knn.cpp:3:
In file included from /Library/Frameworks/R.framework/Versions/4.0/Resources/library/RcppEigen/include/RcppEigen.h:25:
In file included from /Library/Frameworks/R.framework/Versions/4.0/Resources/library/RcppEigen/include/RcppEigenForward.h:31:
In file included from /Library/Frameworks/R.framework/Versions/4.0/Resources/library/RcppEigen/include/Eigen/Sparse:26:
In file included from /Library/Frameworks/R.framework/Versions/4.0/Resources/library/RcppEigen/include/Eigen/SparseCore:66:
/Library/Frameworks/R.framework/Versions/4.0/Resources/library/RcppEigen/include/Eigen/src/Core/util/ReenableStupidWarnings.h:10:30: warning: pragma diagnostic pop could not pop, no matching push [-Wunknown-pragmas]
    #pragma clang diagnostic pop
                             ^
In file included from n2knn.cpp:3:
In file included from /Library/Frameworks/R.framework/Versions/4.0/Resources/library/RcppEigen/include/RcppEigen.h:25:
In file included from /Library/Frameworks/R.framework/Versions/4.0/Resources/library/RcppEigen/include/RcppEigenForward.h:31:
In file included from /Library/Frameworks/R.framework/Versions/4.0/Resources/library/RcppEigen/include/Eigen/Sparse:27:
In file included from /Library/Frameworks/R.framework/Versions/4.0/Resources/library/RcppEigen/include/Eigen/OrderingMethods:71:
/Library/Frameworks/R.framework/Versions/4.0/Resources/library/RcppEigen/include/Eigen/src/Core/util/ReenableStupidWarnings.h:10:30: warning: pragma diagnostic pop could not pop, no matching push [-Wunknown-pragmas]
    #pragma clang diagnostic pop
                             ^
In file included from n2knn.cpp:3:
In file included from /Library/Frameworks/R.framework/Versions/4.0/Resources/library/RcppEigen/include/RcppEigen.h:25:
In file included from /Library/Frameworks/R.framework/Versions/4.0/Resources/library/RcppEigen/include/RcppEigenForward.h:31:
In file included from /Library/Frameworks/R.framework/Versions/4.0/Resources/library/RcppEigen/include/Eigen/Sparse:29:
In file included from /Library/Frameworks/R.framework/Versions/4.0/Resources/library/RcppEigen/include/Eigen/SparseCholesky:43:
/Library/Frameworks/R.framework/Versions/4.0/Resources/library/RcppEigen/include/Eigen/src/Core/util/ReenableStupidWarnings.h:10:30: warning: pragma diagnostic pop could not pop, no matching push [-Wunknown-pragmas]
    #pragma clang diagnostic pop
                             ^
In file included from n2knn.cpp:3:
In file included from /Library/Frameworks/R.framework/Versions/4.0/Resources/library/RcppEigen/include/RcppEigen.h:25:
In file included from /Library/Frameworks/R.framework/Versions/4.0/Resources/library/RcppEigen/include/RcppEigenForward.h:31:
In file included from /Library/Frameworks/R.framework/Versions/4.0/Resources/library/RcppEigen/include/Eigen/Sparse:32:
In file included from /Library/Frameworks/R.framework/Versions/4.0/Resources/library/RcppEigen/include/Eigen/SparseQR:35:
/Library/Frameworks/R.framework/Versions/4.0/Resources/library/RcppEigen/include/Eigen/src/Core/util/ReenableStupidWarnings.h:10:30: warning: pragma diagnostic pop could not pop, no matching push [-Wunknown-pragmas]
    #pragma clang diagnostic pop
                             ^
In file included from n2knn.cpp:3:
In file included from /Library/Frameworks/R.framework/Versions/4.0/Resources/library/RcppEigen/include/RcppEigen.h:25:
In file included from /Library/Frameworks/R.framework/Versions/4.0/Resources/library/RcppEigen/include/RcppEigenForward.h:31:
In file included from /Library/Frameworks/R.framework/Versions/4.0/Resources/library/RcppEigen/include/Eigen/Sparse:33:
In file included from /Library/Frameworks/R.framework/Versions/4.0/Resources/library/RcppEigen/include/Eigen/IterativeLinearSolvers:46:
/Library/Frameworks/R.framework/Versions/4.0/Resources/library/RcppEigen/include/Eigen/src/Core/util/ReenableStupidWarnings.h:10:30: warning: pragma diagnostic pop could not pop, no matching push [-Wunknown-pragmas]
    #pragma clang diagnostic pop
                             ^
In file included from n2knn.cpp:3:
In file included from /Library/Frameworks/R.framework/Versions/4.0/Resources/library/RcppEigen/include/RcppEigen.h:25:
In file included from /Library/Frameworks/R.framework/Versions/4.0/Resources/library/RcppEigen/include/RcppEigenForward.h:32:
In file included from /Library/Frameworks/R.framework/Versions/4.0/Resources/library/RcppEigen/include/Eigen/CholmodSupport:45:
/Library/Frameworks/R.framework/Versions/4.0/Resources/library/RcppEigen/include/Eigen/src/Core/util/ReenableStupidWarnings.h:10:30: warning: pragma diagnostic pop could not pop, no matching push [-Wunknown-pragmas]
    #pragma clang diagnostic pop
                             ^
In file included from n2knn.cpp:3:
In file included from /Library/Frameworks/R.framework/Versions/4.0/Resources/library/RcppEigen/include/RcppEigen.h:25:
In file included from /Library/Frameworks/R.framework/Versions/4.0/Resources/library/RcppEigen/include/RcppEigenForward.h:35:
In file included from /Library/Frameworks/R.framework/Versions/4.0/Resources/library/RcppEigen/include/unsupported/Eigen/KroneckerProduct:34:
/Library/Frameworks/R.framework/Versions/4.0/Resources/library/RcppEigen/include/unsupported/Eigen/../../Eigen/src/Core/util/ReenableStupidWarnings.h:10:30: warning: pragma diagnostic pop could not pop, no matching push [-Wunknown-pragmas]
    #pragma clang diagnostic pop
                             ^
In file included from n2knn.cpp:3:
In file included from /Library/Frameworks/R.framework/Versions/4.0/Resources/library/RcppEigen/include/RcppEigen.h:25:
In file included from /Library/Frameworks/R.framework/Versions/4.0/Resources/library/RcppEigen/include/RcppEigenForward.h:39:
In file included from /Library/Frameworks/R.framework/Versions/4.0/Resources/library/RcppEigen/include/unsupported/Eigen/Polynomials:135:
/Library/Frameworks/R.framework/Versions/4.0/Resources/library/RcppEigen/include/unsupported/Eigen/../../Eigen/src/Core/util/ReenableStupidWarnings.h:10:30: warning: pragma diagnostic pop could not pop, no matching push [-Wunknown-pragmas]
    #pragma clang diagnostic pop
                             ^
In file included from n2knn.cpp:3:
In file included from /Library/Frameworks/R.framework/Versions/4.0/Resources/library/RcppEigen/include/RcppEigen.h:25:
In file included from /Library/Frameworks/R.framework/Versions/4.0/Resources/library/RcppEigen/include/RcppEigenForward.h:40:
In file included from /Library/Frameworks/R.framework/Versions/4.0/Resources/library/RcppEigen/include/unsupported/Eigen/SparseExtra:51:
/Library/Frameworks/R.framework/Versions/4.0/Resources/library/RcppEigen/include/unsupported/Eigen/../../Eigen/src/Core/util/ReenableStupidWarnings.h:10:30: warning: pragma diagnostic pop could not pop, no matching push [-Wunknown-pragmas]
    #pragma clang diagnostic pop
                             ^
n2knn.cpp:66:11: warning: unused variable 'l' [-Wunused-variable]
      int l=i*k+j;
          ^
n2knn.cpp:121:11: warning: unused variable 'l' [-Wunused-variable]
      int l=i*k+j;
          ^
19 warnings generated.
(cd n2  && CFLAGS="-Wall -g -O2 " CXXFLAGS="-Wall -g -O2 " MAKE="make -f \"/Library/Frameworks/R.framework/Resources/etc/Makeconf\" -f Makefile" make -f "/Library/Frameworks/R.framework/Resources/etc/Makeconf" -f Makefile lib) || exit 1;
clang++ -mmacosx-version-min=10.13 -std=gnu++11 -I"/Library/Frameworks/R.framework/Resources/include" -DNDEBUG  -I'/Library/Frameworks/R.framework/Versions/4.0/Resources/library/Rcpp/include' -I'/Library/Frameworks/R.framework/Versions/4.0/Resources/library/RcppEigen/include' -I/usr/local/include  -O3 -std=c++11 -pthread -fPIC -fopenmp  -I"./include" -fPIC  -Wall -g -O2  -c base.cc -o base.o
clang++ -mmacosx-version-min=10.13 -std=gnu++11 -I"/Library/Frameworks/R.framework/Resources/include" -DNDEBUG  -I'/Library/Frameworks/R.framework/Versions/4.0/Resources/library/Rcpp/include' -I'/Library/Frameworks/R.framework/Versions/4.0/Resources/library/RcppEigen/include' -I/usr/local/include  -O3 -std=c++11 -pthread -fPIC -fopenmp  -I"./include" -fPIC  -Wall -g -O2  -c hnsw.cc -o hnsw.o
In file included from hnsw.cc:29:
./include/n2/hnsw.h:158:15: warning: private field 'memory_per_higher_level_' is not used [-Wunused-private-field]
    long long memory_per_higher_level_ = 0;
              ^
1 warning generated.
clang++ -mmacosx-version-min=10.13 -std=gnu++11 -I"/Library/Frameworks/R.framework/Resources/include" -DNDEBUG  -I'/Library/Frameworks/R.framework/Versions/4.0/Resources/library/Rcpp/include' -I'/Library/Frameworks/R.framework/Versions/4.0/Resources/library/RcppEigen/include' -I/usr/local/include  -O3 -std=c++11 -pthread -fPIC -fopenmp  -I"./include" -fPIC  -Wall -g -O2  -c hnsw_node.cc -o hnsw_node.o
clang++ -mmacosx-version-min=10.13 -std=gnu++11 -I"/Library/Frameworks/R.framework/Resources/include" -DNDEBUG  -I'/Library/Frameworks/R.framework/Versions/4.0/Resources/library/Rcpp/include' -I'/Library/Frameworks/R.framework/Versions/4.0/Resources/library/RcppEigen/include' -I/usr/local/include  -O3 -std=c++11 -pthread -fPIC -fopenmp  -I"./include" -fPIC  -Wall -g -O2  -c distance.cc -o distance.o
clang++ -mmacosx-version-min=10.13 -std=gnu++11 -I"/Library/Frameworks/R.framework/Resources/include" -DNDEBUG  -I'/Library/Frameworks/R.framework/Versions/4.0/Resources/library/Rcpp/include' -I'/Library/Frameworks/R.framework/Versions/4.0/Resources/library/RcppEigen/include' -I/usr/local/include  -O3 -std=c++11 -pthread -fPIC -fopenmp  -I"./include" -fPIC  -Wall -g -O2  -c heuristic.cc -o heuristic.o
clang++ -mmacosx-version-min=10.13 -std=gnu++11 -I"/Library/Frameworks/R.framework/Resources/include" -DNDEBUG  -I'/Library/Frameworks/R.framework/Versions/4.0/Resources/library/Rcpp/include' -I'/Library/Frameworks/R.framework/Versions/4.0/Resources/library/RcppEigen/include' -I/usr/local/include  -O3 -std=c++11 -pthread -fPIC -fopenmp  -I"./include" -fPIC  -Wall -g -O2  -c mmap.cc -o mmap.o
ar rvs ../libn2.a base.o hnsw.o hnsw_node.o distance.o heuristic.o mmap.o
ar: creating archive ../libn2.a
a - base.o
a - hnsw.o
a - hnsw_node.o
a - distance.o
a - heuristic.o
a - mmap.o
/usr/local/opt/llvm/bin/clang++ -fopenmp -std=gnu++11 -dynamiclib -Wl,-headerpad_max_install_names -undefined dynamic_lookup -single_module -multiply_defined suppress -L/Library/Frameworks/R.framework/Resources/lib -L/usr/local/opt/llvm/lib -L/usr/local/opt/gettext/lib --sysroot=/Library/Developer/CommandLineTools/SDKs/MacOSX.sdk -o N2R.so RcppExports.o check_openmp.o n2knn.o -L/usr/lib/ -L. -lpthread -lstdc++ -ln2 -lm -L/Library/Frameworks/R.framework/Resources/lib -lRlapack -L/Library/Frameworks/R.framework/Resources/lib -lRblas -L/usr/local/opt/gcc/lib/gcc/9/ -lm -F/Library/Frameworks/R.framework/.. -framework R -Wl,-framework -Wl,CoreFoundation
ld: warning: directory not found for option '-L/usr/local/opt/gcc/lib/gcc/9/'
installing to /Users/evanbiederstedt/N2R/N2R.Rcheck/00LOCK-N2R/00new/N2R/libs
** R
** byte-compile and prepare package for lazy loading
** help
*** installing help indices
** building package indices
** testing if installed package can be loaded from temporary location
** checking absolute paths in shared objects and dynamic libraries
** testing if installed package can be loaded from final location
** testing if installed package keeps a record of temporary installation path
* DONE (N2R)
