Hmm ... looks like a package

This is pdfTeX, Version 3.14159265-2.6-1.40.21 (TeX Live 2020) (preloaded format=pdflatex)
 restricted \write18 enabled.
entering extended mode
LaTeX2e <2020-02-02> patch level 5
L3 programming layer <2020-06-18>
(./Rd2.tex
(/usr/local/texlive/2020basic/texmf-dist/tex/latex/base/book.cls
Document Class: book 2019/12/20 v1.4l Standard LaTeX document class
(/usr/local/texlive/2020basic/texmf-dist/tex/latex/base/bk10.clo))
(/Library/Frameworks/R.framework/Resources/share/texmf/tex/latex/Rd.sty
(/usr/local/texlive/2020basic/texmf-dist/tex/latex/base/ifthen.sty)
(/usr/local/texlive/2020basic/texmf-dist/tex/latex/tools/longtable.sty)
(/usr/local/texlive/2020basic/texmf-dist/tex/latex/tools/bm.sty)
(/usr/local/texlive/2020basic/texmf-dist/tex/latex/base/alltt.sty)
(/usr/local/texlive/2020basic/texmf-dist/tex/latex/tools/verbatim.sty)
(/usr/local/texlive/2020basic/texmf-dist/tex/latex/url/url.sty)
(/usr/local/texlive/2020basic/texmf-dist/tex/latex/base/textcomp.sty)
(/usr/local/texlive/2020basic/texmf-dist/tex/latex/base/fontenc.sty)
(/usr/local/texlive/2020basic/texmf-dist/tex/latex/psnfss/times.sty)
(/usr/local/texlive/2020basic/texmf-dist/tex/latex/inconsolata/zi4.sty
`inconsolata-zi4' v1.12, 2019/05/17 Text macros for Inconsolata (msharpe)
(/usr/local/texlive/2020basic/texmf-dist/tex/latex/xkeyval/xkeyval.sty
(/usr/local/texlive/2020basic/texmf-dist/tex/generic/xkeyval/xkeyval.tex
(/usr/local/texlive/2020basic/texmf-dist/tex/generic/xkeyval/xkvutils.tex
(/usr/local/texlive/2020basic/texmf-dist/tex/generic/xkeyval/keyval.tex)))))
(/usr/local/texlive/2020basic/texmf-dist/tex/latex/graphics/color.sty
(/usr/local/texlive/2020basic/texmf-dist/tex/latex/graphics-cfg/color.cfg)
(/usr/local/texlive/2020basic/texmf-dist/tex/latex/graphics-def/pdftex.def))
(/usr/local/texlive/2020basic/texmf-dist/tex/latex/hyperref/hyperref.sty
(/usr/local/texlive/2020basic/texmf-dist/tex/generic/ltxcmds/ltxcmds.sty)
(/usr/local/texlive/2020basic/texmf-dist/tex/generic/iftex/iftex.sty)
(/usr/local/texlive/2020basic/texmf-dist/tex/generic/pdftexcmds/pdftexcmds.sty
(/usr/local/texlive/2020basic/texmf-dist/tex/generic/infwarerr/infwarerr.sty))
(/usr/local/texlive/2020basic/texmf-dist/tex/generic/kvsetkeys/kvsetkeys.sty)
(/usr/local/texlive/2020basic/texmf-dist/tex/generic/kvdefinekeys/kvdefinekeys.
sty)
(/usr/local/texlive/2020basic/texmf-dist/tex/generic/pdfescape/pdfescape.sty)
(/usr/local/texlive/2020basic/texmf-dist/tex/latex/hycolor/hycolor.sty)
(/usr/local/texlive/2020basic/texmf-dist/tex/latex/letltxmacro/letltxmacro.sty)
 (/usr/local/texlive/2020basic/texmf-dist/tex/latex/auxhook/auxhook.sty)
(/usr/local/texlive/2020basic/texmf-dist/tex/latex/kvoptions/kvoptions.sty)
(/usr/local/texlive/2020basic/texmf-dist/tex/latex/hyperref/pd1enc.def)
(/usr/local/texlive/2020basic/texmf-dist/tex/generic/intcalc/intcalc.sty)
(/usr/local/texlive/2020basic/texmf-dist/tex/generic/etexcmds/etexcmds.sty)
(/usr/local/texlive/2020basic/texmf-dist/tex/generic/bitset/bitset.sty
(/usr/local/texlive/2020basic/texmf-dist/tex/generic/bigintcalc/bigintcalc.sty)
) (/usr/local/texlive/2020basic/texmf-dist/tex/generic/atbegshi/atbegshi.sty))
(/usr/local/texlive/2020basic/texmf-dist/tex/latex/hyperref/hpdftex.def
(/usr/local/texlive/2020basic/texmf-dist/tex/latex/atveryend/atveryend.sty)
(/usr/local/texlive/2020basic/texmf-dist/tex/latex/rerunfilecheck/rerunfilechec
k.sty
(/usr/local/texlive/2020basic/texmf-dist/tex/generic/uniquecounter/uniquecounte
r.sty)))

Package hyperref Warning: Option `hyperindex' has already been used,
(hyperref)                setting the option has no effect on input line 377.


Package hyperref Warning: Option `pagebackref' has already been used,
(hyperref)                setting the option has no effect on input line 377.

) (/usr/local/texlive/2020basic/texmf-dist/tex/latex/base/makeidx.sty)
(/usr/local/texlive/2020basic/texmf-dist/tex/latex/base/inputenc.sty)
Writing index file Rd2.idx

(/usr/local/texlive/2020basic/texmf-dist/tex/latex/l3backend/l3backend-pdfmode.
def)
No file Rd2.aux.
(/usr/local/texlive/2020basic/texmf-dist/tex/latex/psnfss/t1ptm.fd)
(/usr/local/texlive/2020basic/texmf-dist/tex/context/base/mkii/supp-pdf.mkii
[Loading MPS to PDF converter (version 2006.09.02).]
) (/usr/local/texlive/2020basic/texmf-dist/tex/latex/hyperref/nameref.sty
(/usr/local/texlive/2020basic/texmf-dist/tex/latex/refcount/refcount.sty)
(/usr/local/texlive/2020basic/texmf-dist/tex/generic/gettitlestring/gettitlestr
ing.sty)) (/usr/local/texlive/2020basic/texmf-dist/tex/latex/psnfss/ts1ptm.fd)
Overfull \hbox (51.91116pt too wide) in paragraph at lines 22--23
\T1/ptm/m/n/10 ble Small World Graphs\TS1/ptm/m/n/10 ''\T1/ptm/m/n/10 , Y. Malk
ov and D. Yashunin, doi: 10.1109/TPAMI.2018.2889473, arXiv: 1603.09320.  
(/usr/local/texlive/2020basic/texmf-dist/tex/latex/inconsolata/t1zi4.fd)
(/usr/local/texlive/2020basic/texmf-dist/tex/latex/psnfss/t1phv.fd) [1{/usr/loc
al/texlive/2020basic/texmf-var/fonts/map/pdftex/updmap/pdftex.map}]
Overfull \hbox (30.43663pt too wide) in paragraph at lines 92--93
[]\T1/ptm/m/n/10 Integer mul-ti-plier to cal-cu-late can-di-date near-est neigh
-bors, set to k*ef_search_multiplier

Overfull \hbox (7.89777pt too wide) in paragraph at lines 92--93
\T1/ptm/m/n/10 (de-fault=50). Re-fer to the pa-ram-e-ters er and ef-Con-struc-t
ion in Malkov & Yashunin
[2] [3]
Overfull \hbox (30.43663pt too wide) in paragraph at lines 149--150
[]\T1/ptm/m/n/10 Integer mul-ti-plier to cal-cu-late can-di-date near-est neigh
-bors, set to k*ef_search_multiplier

Overfull \hbox (7.89777pt too wide) in paragraph at lines 149--150
\T1/ptm/m/n/10 (de-fault=50). Re-fer to the pa-ram-e-ters er and ef-Con-struc-t
ion in Malkov & Yashunin
No file Rd2.ind.
[4]
(/private/var/folders/pt/x80rw07n57q7h9tdwt97nvfh0000gn/T/Rtmp3l7ydv/Rd2pdf3f66
1032035d/Rd2.aux)

Package rerunfilecheck Warning: File `Rd2.out' has changed.
(rerunfilecheck)                Rerun to get outlines right
(rerunfilecheck)                or use package `bookmark'.

 )
(see the transcript file for additional information){/usr/local/texlive/2020bas
ic/texmf-dist/fonts/enc/dvips/base/8r.enc}{/usr/local/texlive/2020basic/texmf-d
ist/fonts/enc/dvips/inconsolata/i4-t1-0.enc}{/usr/local/texlive/2020basic/texmf
-dist/fonts/enc/dvips/cm-super/cm-super-ts1.enc}</usr/local/texlive/2020basic/t
exmf-dist/fonts/type1/public/inconsolata/Inconsolata-zi4r.pfb></usr/local/texli
ve/2020basic/texmf-dist/fonts/type1/public/cm-super/sfrm1000.pfb></usr/local/te
xlive/2020basic/texmf-dist/fonts/type1/urw/helvetic/uhvr8a.pfb></usr/local/texl
ive/2020basic/texmf-dist/fonts/type1/urw/times/utmb8a.pfb></usr/local/texlive/2
020basic/texmf-dist/fonts/type1/urw/times/utmr8a.pfb></usr/local/texlive/2020ba
sic/texmf-dist/fonts/type1/urw/times/utmr8a.pfb></usr/local/texlive/2020basic/t
exmf-dist/fonts/type1/urw/times/utmri8a.pfb>
Output written on Rd2.pdf (4 pages, 81840 bytes).
Transcript written on Rd2.log.
This is pdfTeX, Version 3.14159265-2.6-1.40.21 (TeX Live 2020) (preloaded format=pdflatex)
 restricted \write18 enabled.
entering extended mode
LaTeX2e <2020-02-02> patch level 5
L3 programming layer <2020-06-18>
(./Rd2.tex
(/usr/local/texlive/2020basic/texmf-dist/tex/latex/base/book.cls
Document Class: book 2019/12/20 v1.4l Standard LaTeX document class
(/usr/local/texlive/2020basic/texmf-dist/tex/latex/base/bk10.clo))
(/Library/Frameworks/R.framework/Resources/share/texmf/tex/latex/Rd.sty
(/usr/local/texlive/2020basic/texmf-dist/tex/latex/base/ifthen.sty)
(/usr/local/texlive/2020basic/texmf-dist/tex/latex/tools/longtable.sty)
(/usr/local/texlive/2020basic/texmf-dist/tex/latex/tools/bm.sty)
(/usr/local/texlive/2020basic/texmf-dist/tex/latex/base/alltt.sty)
(/usr/local/texlive/2020basic/texmf-dist/tex/latex/tools/verbatim.sty)
(/usr/local/texlive/2020basic/texmf-dist/tex/latex/url/url.sty)
(/usr/local/texlive/2020basic/texmf-dist/tex/latex/base/textcomp.sty)
(/usr/local/texlive/2020basic/texmf-dist/tex/latex/base/fontenc.sty)
(/usr/local/texlive/2020basic/texmf-dist/tex/latex/psnfss/times.sty)
(/usr/local/texlive/2020basic/texmf-dist/tex/latex/inconsolata/zi4.sty
`inconsolata-zi4' v1.12, 2019/05/17 Text macros for Inconsolata (msharpe)
(/usr/local/texlive/2020basic/texmf-dist/tex/latex/xkeyval/xkeyval.sty
(/usr/local/texlive/2020basic/texmf-dist/tex/generic/xkeyval/xkeyval.tex
(/usr/local/texlive/2020basic/texmf-dist/tex/generic/xkeyval/xkvutils.tex
(/usr/local/texlive/2020basic/texmf-dist/tex/generic/xkeyval/keyval.tex)))))
(/usr/local/texlive/2020basic/texmf-dist/tex/latex/graphics/color.sty
(/usr/local/texlive/2020basic/texmf-dist/tex/latex/graphics-cfg/color.cfg)
(/usr/local/texlive/2020basic/texmf-dist/tex/latex/graphics-def/pdftex.def))
(/usr/local/texlive/2020basic/texmf-dist/tex/latex/hyperref/hyperref.sty
(/usr/local/texlive/2020basic/texmf-dist/tex/generic/ltxcmds/ltxcmds.sty)
(/usr/local/texlive/2020basic/texmf-dist/tex/generic/iftex/iftex.sty)
(/usr/local/texlive/2020basic/texmf-dist/tex/generic/pdftexcmds/pdftexcmds.sty
(/usr/local/texlive/2020basic/texmf-dist/tex/generic/infwarerr/infwarerr.sty))
(/usr/local/texlive/2020basic/texmf-dist/tex/generic/kvsetkeys/kvsetkeys.sty)
(/usr/local/texlive/2020basic/texmf-dist/tex/generic/kvdefinekeys/kvdefinekeys.
sty)
(/usr/local/texlive/2020basic/texmf-dist/tex/generic/pdfescape/pdfescape.sty)
(/usr/local/texlive/2020basic/texmf-dist/tex/latex/hycolor/hycolor.sty)
(/usr/local/texlive/2020basic/texmf-dist/tex/latex/letltxmacro/letltxmacro.sty)
 (/usr/local/texlive/2020basic/texmf-dist/tex/latex/auxhook/auxhook.sty)
(/usr/local/texlive/2020basic/texmf-dist/tex/latex/kvoptions/kvoptions.sty)
(/usr/local/texlive/2020basic/texmf-dist/tex/latex/hyperref/pd1enc.def)
(/usr/local/texlive/2020basic/texmf-dist/tex/generic/intcalc/intcalc.sty)
(/usr/local/texlive/2020basic/texmf-dist/tex/generic/etexcmds/etexcmds.sty)
(/usr/local/texlive/2020basic/texmf-dist/tex/generic/bitset/bitset.sty
(/usr/local/texlive/2020basic/texmf-dist/tex/generic/bigintcalc/bigintcalc.sty)
) (/usr/local/texlive/2020basic/texmf-dist/tex/generic/atbegshi/atbegshi.sty))
(/usr/local/texlive/2020basic/texmf-dist/tex/latex/hyperref/hpdftex.def
(/usr/local/texlive/2020basic/texmf-dist/tex/latex/atveryend/atveryend.sty)
(/usr/local/texlive/2020basic/texmf-dist/tex/latex/rerunfilecheck/rerunfilechec
k.sty
(/usr/local/texlive/2020basic/texmf-dist/tex/generic/uniquecounter/uniquecounte
r.sty)))

Package hyperref Warning: Option `hyperindex' has already been used,
(hyperref)                setting the option has no effect on input line 377.


Package hyperref Warning: Option `pagebackref' has already been used,
(hyperref)                setting the option has no effect on input line 377.

) (/usr/local/texlive/2020basic/texmf-dist/tex/latex/base/makeidx.sty)
(/usr/local/texlive/2020basic/texmf-dist/tex/latex/base/inputenc.sty)
Writing index file Rd2.idx

(/usr/local/texlive/2020basic/texmf-dist/tex/latex/l3backend/l3backend-pdfmode.
def)
(/private/var/folders/pt/x80rw07n57q7h9tdwt97nvfh0000gn/T/Rtmp3l7ydv/Rd2pdf3f66
1032035d/Rd2.aux)
(/usr/local/texlive/2020basic/texmf-dist/tex/latex/psnfss/t1ptm.fd)
(/usr/local/texlive/2020basic/texmf-dist/tex/context/base/mkii/supp-pdf.mkii
[Loading MPS to PDF converter (version 2006.09.02).]
) (/usr/local/texlive/2020basic/texmf-dist/tex/latex/hyperref/nameref.sty
(/usr/local/texlive/2020basic/texmf-dist/tex/latex/refcount/refcount.sty)
(/usr/local/texlive/2020basic/texmf-dist/tex/generic/gettitlestring/gettitlestr
ing.sty))
(/private/var/folders/pt/x80rw07n57q7h9tdwt97nvfh0000gn/T/Rtmp3l7ydv/Rd2pdf3f66
1032035d/Rd2.out)
(/private/var/folders/pt/x80rw07n57q7h9tdwt97nvfh0000gn/T/Rtmp3l7ydv/Rd2pdf3f66
1032035d/Rd2.out)
(/usr/local/texlive/2020basic/texmf-dist/tex/latex/psnfss/ts1ptm.fd)
Overfull \hbox (51.91116pt too wide) in paragraph at lines 22--23
\T1/ptm/m/n/10 ble Small World Graphs\TS1/ptm/m/n/10 ''\T1/ptm/m/n/10 , Y. Malk
ov and D. Yashunin, doi: 10.1109/TPAMI.2018.2889473, arXiv: 1603.09320.  
(/usr/local/texlive/2020basic/texmf-dist/tex/latex/inconsolata/t1zi4.fd)
(/usr/local/texlive/2020basic/texmf-dist/tex/latex/psnfss/t1phv.fd)
(/private/var/folders/pt/x80rw07n57q7h9tdwt97nvfh0000gn/T/Rtmp3l7ydv/Rd2pdf3f66
1032035d/Rd2.toc) [1{/usr/local/texlive/2020basic/texmf-var/fonts/map/pdftex/up
dmap/pdftex.map}]
Overfull \hbox (30.43663pt too wide) in paragraph at lines 92--93
[]\T1/ptm/m/n/10 Integer mul-ti-plier to cal-cu-late can-di-date near-est neigh
-bors, set to k*ef_search_multiplier

Overfull \hbox (7.89777pt too wide) in paragraph at lines 92--93
\T1/ptm/m/n/10 (de-fault=50). Re-fer to the pa-ram-e-ters er and ef-Con-struc-t
ion in Malkov & Yashunin
[2] [3]
Overfull \hbox (30.43663pt too wide) in paragraph at lines 149--150
[]\T1/ptm/m/n/10 Integer mul-ti-plier to cal-cu-late can-di-date near-est neigh
-bors, set to k*ef_search_multiplier

Overfull \hbox (7.89777pt too wide) in paragraph at lines 149--150
\T1/ptm/m/n/10 (de-fault=50). Re-fer to the pa-ram-e-ters er and ef-Con-struc-t
ion in Malkov & Yashunin
No file Rd2.ind.
[4]
(/private/var/folders/pt/x80rw07n57q7h9tdwt97nvfh0000gn/T/Rtmp3l7ydv/Rd2pdf3f66
1032035d/Rd2.aux) )
(see the transcript file for additional information){/usr/local/texlive/2020bas
ic/texmf-dist/fonts/enc/dvips/base/8r.enc}{/usr/local/texlive/2020basic/texmf-d
ist/fonts/enc/dvips/inconsolata/i4-t1-0.enc}{/usr/local/texlive/2020basic/texmf
-dist/fonts/enc/dvips/cm-super/cm-super-ts1.enc}</usr/local/texlive/2020basic/t
exmf-dist/fonts/type1/public/inconsolata/Inconsolata-zi4r.pfb></usr/local/texli
ve/2020basic/texmf-dist/fonts/type1/public/cm-super/sfrm1000.pfb></usr/local/te
xlive/2020basic/texmf-dist/fonts/type1/urw/helvetic/uhvr8a.pfb></usr/local/texl
ive/2020basic/texmf-dist/fonts/type1/urw/times/utmb8a.pfb></usr/local/texlive/2
020basic/texmf-dist/fonts/type1/urw/times/utmr8a.pfb></usr/local/texlive/2020ba
sic/texmf-dist/fonts/type1/urw/times/utmr8a.pfb></usr/local/texlive/2020basic/t
exmf-dist/fonts/type1/urw/times/utmri8a.pfb>
Output written on Rd2.pdf (4 pages, 82210 bytes).
Transcript written on Rd2.log.
This is makeindex, version 2.15 [TeX Live 2020] (kpathsea + Thai support).
Scanning input file Rd2.idx....done (3 entries accepted, 0 rejected).
Sorting entries....done (4 comparisons).
Generating output file Rd2.ind....done (10 lines written, 0 warnings).
Output written in Rd2.ind.
Transcript written in Rd2.ilg.
This is pdfTeX, Version 3.14159265-2.6-1.40.21 (TeX Live 2020) (preloaded format=pdflatex)
 restricted \write18 enabled.
entering extended mode
LaTeX2e <2020-02-02> patch level 5
L3 programming layer <2020-06-18>
(./Rd2.tex
(/usr/local/texlive/2020basic/texmf-dist/tex/latex/base/book.cls
Document Class: book 2019/12/20 v1.4l Standard LaTeX document class
(/usr/local/texlive/2020basic/texmf-dist/tex/latex/base/bk10.clo))
(/Library/Frameworks/R.framework/Resources/share/texmf/tex/latex/Rd.sty
(/usr/local/texlive/2020basic/texmf-dist/tex/latex/base/ifthen.sty)
(/usr/local/texlive/2020basic/texmf-dist/tex/latex/tools/longtable.sty)
(/usr/local/texlive/2020basic/texmf-dist/tex/latex/tools/bm.sty)
(/usr/local/texlive/2020basic/texmf-dist/tex/latex/base/alltt.sty)
(/usr/local/texlive/2020basic/texmf-dist/tex/latex/tools/verbatim.sty)
(/usr/local/texlive/2020basic/texmf-dist/tex/latex/url/url.sty)
(/usr/local/texlive/2020basic/texmf-dist/tex/latex/base/textcomp.sty)
(/usr/local/texlive/2020basic/texmf-dist/tex/latex/base/fontenc.sty)
(/usr/local/texlive/2020basic/texmf-dist/tex/latex/psnfss/times.sty)
(/usr/local/texlive/2020basic/texmf-dist/tex/latex/inconsolata/zi4.sty
`inconsolata-zi4' v1.12, 2019/05/17 Text macros for Inconsolata (msharpe)
(/usr/local/texlive/2020basic/texmf-dist/tex/latex/xkeyval/xkeyval.sty
(/usr/local/texlive/2020basic/texmf-dist/tex/generic/xkeyval/xkeyval.tex
(/usr/local/texlive/2020basic/texmf-dist/tex/generic/xkeyval/xkvutils.tex
(/usr/local/texlive/2020basic/texmf-dist/tex/generic/xkeyval/keyval.tex)))))
(/usr/local/texlive/2020basic/texmf-dist/tex/latex/graphics/color.sty
(/usr/local/texlive/2020basic/texmf-dist/tex/latex/graphics-cfg/color.cfg)
(/usr/local/texlive/2020basic/texmf-dist/tex/latex/graphics-def/pdftex.def))
(/usr/local/texlive/2020basic/texmf-dist/tex/latex/hyperref/hyperref.sty
(/usr/local/texlive/2020basic/texmf-dist/tex/generic/ltxcmds/ltxcmds.sty)
(/usr/local/texlive/2020basic/texmf-dist/tex/generic/iftex/iftex.sty)
(/usr/local/texlive/2020basic/texmf-dist/tex/generic/pdftexcmds/pdftexcmds.sty
(/usr/local/texlive/2020basic/texmf-dist/tex/generic/infwarerr/infwarerr.sty))
(/usr/local/texlive/2020basic/texmf-dist/tex/generic/kvsetkeys/kvsetkeys.sty)
(/usr/local/texlive/2020basic/texmf-dist/tex/generic/kvdefinekeys/kvdefinekeys.
sty)
(/usr/local/texlive/2020basic/texmf-dist/tex/generic/pdfescape/pdfescape.sty)
(/usr/local/texlive/2020basic/texmf-dist/tex/latex/hycolor/hycolor.sty)
(/usr/local/texlive/2020basic/texmf-dist/tex/latex/letltxmacro/letltxmacro.sty)
 (/usr/local/texlive/2020basic/texmf-dist/tex/latex/auxhook/auxhook.sty)
(/usr/local/texlive/2020basic/texmf-dist/tex/latex/kvoptions/kvoptions.sty)
(/usr/local/texlive/2020basic/texmf-dist/tex/latex/hyperref/pd1enc.def)
(/usr/local/texlive/2020basic/texmf-dist/tex/generic/intcalc/intcalc.sty)
(/usr/local/texlive/2020basic/texmf-dist/tex/generic/etexcmds/etexcmds.sty)
(/usr/local/texlive/2020basic/texmf-dist/tex/generic/bitset/bitset.sty
(/usr/local/texlive/2020basic/texmf-dist/tex/generic/bigintcalc/bigintcalc.sty)
) (/usr/local/texlive/2020basic/texmf-dist/tex/generic/atbegshi/atbegshi.sty))
(/usr/local/texlive/2020basic/texmf-dist/tex/latex/hyperref/hpdftex.def
(/usr/local/texlive/2020basic/texmf-dist/tex/latex/atveryend/atveryend.sty)
(/usr/local/texlive/2020basic/texmf-dist/tex/latex/rerunfilecheck/rerunfilechec
k.sty
(/usr/local/texlive/2020basic/texmf-dist/tex/generic/uniquecounter/uniquecounte
r.sty)))

Package hyperref Warning: Option `hyperindex' has already been used,
(hyperref)                setting the option has no effect on input line 377.


Package hyperref Warning: Option `pagebackref' has already been used,
(hyperref)                setting the option has no effect on input line 377.

) (/usr/local/texlive/2020basic/texmf-dist/tex/latex/base/makeidx.sty)
(/usr/local/texlive/2020basic/texmf-dist/tex/latex/base/inputenc.sty)
Writing index file Rd2.idx

(/usr/local/texlive/2020basic/texmf-dist/tex/latex/l3backend/l3backend-pdfmode.
def)
(/private/var/folders/pt/x80rw07n57q7h9tdwt97nvfh0000gn/T/Rtmp3l7ydv/Rd2pdf3f66
1032035d/Rd2.aux)
(/usr/local/texlive/2020basic/texmf-dist/tex/latex/psnfss/t1ptm.fd)
(/usr/local/texlive/2020basic/texmf-dist/tex/context/base/mkii/supp-pdf.mkii
[Loading MPS to PDF converter (version 2006.09.02).]
) (/usr/local/texlive/2020basic/texmf-dist/tex/latex/hyperref/nameref.sty
(/usr/local/texlive/2020basic/texmf-dist/tex/latex/refcount/refcount.sty)
(/usr/local/texlive/2020basic/texmf-dist/tex/generic/gettitlestring/gettitlestr
ing.sty))
(/private/var/folders/pt/x80rw07n57q7h9tdwt97nvfh0000gn/T/Rtmp3l7ydv/Rd2pdf3f66
1032035d/Rd2.out)
(/private/var/folders/pt/x80rw07n57q7h9tdwt97nvfh0000gn/T/Rtmp3l7ydv/Rd2pdf3f66
1032035d/Rd2.out)
(/usr/local/texlive/2020basic/texmf-dist/tex/latex/psnfss/ts1ptm.fd)
Overfull \hbox (51.91116pt too wide) in paragraph at lines 22--23
\T1/ptm/m/n/10 ble Small World Graphs\TS1/ptm/m/n/10 ''\T1/ptm/m/n/10 , Y. Malk
ov and D. Yashunin, doi: 10.1109/TPAMI.2018.2889473, arXiv: 1603.09320.  
(/usr/local/texlive/2020basic/texmf-dist/tex/latex/inconsolata/t1zi4.fd)
(/usr/local/texlive/2020basic/texmf-dist/tex/latex/psnfss/t1phv.fd)
(/private/var/folders/pt/x80rw07n57q7h9tdwt97nvfh0000gn/T/Rtmp3l7ydv/Rd2pdf3f66
1032035d/Rd2.toc) [1{/usr/local/texlive/2020basic/texmf-var/fonts/map/pdftex/up
dmap/pdftex.map}]
Overfull \hbox (30.43663pt too wide) in paragraph at lines 92--93
[]\T1/ptm/m/n/10 Integer mul-ti-plier to cal-cu-late can-di-date near-est neigh
-bors, set to k*ef_search_multiplier

Overfull \hbox (7.89777pt too wide) in paragraph at lines 92--93
\T1/ptm/m/n/10 (de-fault=50). Re-fer to the pa-ram-e-ters er and ef-Con-struc-t
ion in Malkov & Yashunin
[2] [3]
Overfull \hbox (30.43663pt too wide) in paragraph at lines 149--150
[]\T1/ptm/m/n/10 Integer mul-ti-plier to cal-cu-late can-di-date near-est neigh
-bors, set to k*ef_search_multiplier

Overfull \hbox (7.89777pt too wide) in paragraph at lines 149--150
\T1/ptm/m/n/10 (de-fault=50). Re-fer to the pa-ram-e-ters er and ef-Con-struc-t
ion in Malkov & Yashunin

(/private/var/folders/pt/x80rw07n57q7h9tdwt97nvfh0000gn/T/Rtmp3l7ydv/Rd2pdf3f66
1032035d/Rd2.ind [4] [5])
(/private/var/folders/pt/x80rw07n57q7h9tdwt97nvfh0000gn/T/Rtmp3l7ydv/Rd2pdf3f66
1032035d/Rd2.aux)

Package rerunfilecheck Warning: File `Rd2.out' has changed.
(rerunfilecheck)                Rerun to get outlines right
(rerunfilecheck)                or use package `bookmark'.

 )
(see the transcript file for additional information){/usr/local/texlive/2020bas
ic/texmf-dist/fonts/enc/dvips/base/8r.enc}{/usr/local/texlive/2020basic/texmf-d
ist/fonts/enc/dvips/inconsolata/i4-t1-0.enc}{/usr/local/texlive/2020basic/texmf
-dist/fonts/enc/dvips/cm-super/cm-super-ts1.enc}</usr/local/texlive/2020basic/t
exmf-dist/fonts/type1/public/inconsolata/Inconsolata-zi4r.pfb></usr/local/texli
ve/2020basic/texmf-dist/fonts/type1/public/cm-super/sfrm1000.pfb></usr/local/te
xlive/2020basic/texmf-dist/fonts/type1/urw/helvetic/uhvr8a.pfb></usr/local/texl
ive/2020basic/texmf-dist/fonts/type1/urw/times/utmb8a.pfb></usr/local/texlive/2
020basic/texmf-dist/fonts/type1/urw/times/utmr8a.pfb></usr/local/texlive/2020ba
sic/texmf-dist/fonts/type1/urw/times/utmr8a.pfb></usr/local/texlive/2020basic/t
exmf-dist/fonts/type1/urw/times/utmri8a.pfb>
Output written on Rd2.pdf (5 pages, 82672 bytes).
Transcript written on Rd2.log.
This is makeindex, version 2.15 [TeX Live 2020] (kpathsea + Thai support).
Scanning input file Rd2.idx....done (3 entries accepted, 0 rejected).
Sorting entries....done (4 comparisons).
Generating output file Rd2.ind....done (10 lines written, 0 warnings).
Output written in Rd2.ind.
Transcript written in Rd2.ilg.
This is pdfTeX, Version 3.14159265-2.6-1.40.21 (TeX Live 2020) (preloaded format=pdflatex)
 restricted \write18 enabled.
entering extended mode
LaTeX2e <2020-02-02> patch level 5
L3 programming layer <2020-06-18>
(./Rd2.tex
(/usr/local/texlive/2020basic/texmf-dist/tex/latex/base/book.cls
Document Class: book 2019/12/20 v1.4l Standard LaTeX document class
(/usr/local/texlive/2020basic/texmf-dist/tex/latex/base/bk10.clo))
(/Library/Frameworks/R.framework/Resources/share/texmf/tex/latex/Rd.sty
(/usr/local/texlive/2020basic/texmf-dist/tex/latex/base/ifthen.sty)
(/usr/local/texlive/2020basic/texmf-dist/tex/latex/tools/longtable.sty)
(/usr/local/texlive/2020basic/texmf-dist/tex/latex/tools/bm.sty)
(/usr/local/texlive/2020basic/texmf-dist/tex/latex/base/alltt.sty)
(/usr/local/texlive/2020basic/texmf-dist/tex/latex/tools/verbatim.sty)
(/usr/local/texlive/2020basic/texmf-dist/tex/latex/url/url.sty)
(/usr/local/texlive/2020basic/texmf-dist/tex/latex/base/textcomp.sty)
(/usr/local/texlive/2020basic/texmf-dist/tex/latex/base/fontenc.sty)
(/usr/local/texlive/2020basic/texmf-dist/tex/latex/psnfss/times.sty)
(/usr/local/texlive/2020basic/texmf-dist/tex/latex/inconsolata/zi4.sty
`inconsolata-zi4' v1.12, 2019/05/17 Text macros for Inconsolata (msharpe)
(/usr/local/texlive/2020basic/texmf-dist/tex/latex/xkeyval/xkeyval.sty
(/usr/local/texlive/2020basic/texmf-dist/tex/generic/xkeyval/xkeyval.tex
(/usr/local/texlive/2020basic/texmf-dist/tex/generic/xkeyval/xkvutils.tex
(/usr/local/texlive/2020basic/texmf-dist/tex/generic/xkeyval/keyval.tex)))))
(/usr/local/texlive/2020basic/texmf-dist/tex/latex/graphics/color.sty
(/usr/local/texlive/2020basic/texmf-dist/tex/latex/graphics-cfg/color.cfg)
(/usr/local/texlive/2020basic/texmf-dist/tex/latex/graphics-def/pdftex.def))
(/usr/local/texlive/2020basic/texmf-dist/tex/latex/hyperref/hyperref.sty
(/usr/local/texlive/2020basic/texmf-dist/tex/generic/ltxcmds/ltxcmds.sty)
(/usr/local/texlive/2020basic/texmf-dist/tex/generic/iftex/iftex.sty)
(/usr/local/texlive/2020basic/texmf-dist/tex/generic/pdftexcmds/pdftexcmds.sty
(/usr/local/texlive/2020basic/texmf-dist/tex/generic/infwarerr/infwarerr.sty))
(/usr/local/texlive/2020basic/texmf-dist/tex/generic/kvsetkeys/kvsetkeys.sty)
(/usr/local/texlive/2020basic/texmf-dist/tex/generic/kvdefinekeys/kvdefinekeys.
sty)
(/usr/local/texlive/2020basic/texmf-dist/tex/generic/pdfescape/pdfescape.sty)
(/usr/local/texlive/2020basic/texmf-dist/tex/latex/hycolor/hycolor.sty)
(/usr/local/texlive/2020basic/texmf-dist/tex/latex/letltxmacro/letltxmacro.sty)
 (/usr/local/texlive/2020basic/texmf-dist/tex/latex/auxhook/auxhook.sty)
(/usr/local/texlive/2020basic/texmf-dist/tex/latex/kvoptions/kvoptions.sty)
(/usr/local/texlive/2020basic/texmf-dist/tex/latex/hyperref/pd1enc.def)
(/usr/local/texlive/2020basic/texmf-dist/tex/generic/intcalc/intcalc.sty)
(/usr/local/texlive/2020basic/texmf-dist/tex/generic/etexcmds/etexcmds.sty)
(/usr/local/texlive/2020basic/texmf-dist/tex/generic/bitset/bitset.sty
(/usr/local/texlive/2020basic/texmf-dist/tex/generic/bigintcalc/bigintcalc.sty)
) (/usr/local/texlive/2020basic/texmf-dist/tex/generic/atbegshi/atbegshi.sty))
(/usr/local/texlive/2020basic/texmf-dist/tex/latex/hyperref/hpdftex.def
(/usr/local/texlive/2020basic/texmf-dist/tex/latex/atveryend/atveryend.sty)
(/usr/local/texlive/2020basic/texmf-dist/tex/latex/rerunfilecheck/rerunfilechec
k.sty
(/usr/local/texlive/2020basic/texmf-dist/tex/generic/uniquecounter/uniquecounte
r.sty)))

Package hyperref Warning: Option `hyperindex' has already been used,
(hyperref)                setting the option has no effect on input line 377.


Package hyperref Warning: Option `pagebackref' has already been used,
(hyperref)                setting the option has no effect on input line 377.

) (/usr/local/texlive/2020basic/texmf-dist/tex/latex/base/makeidx.sty)
(/usr/local/texlive/2020basic/texmf-dist/tex/latex/base/inputenc.sty)
Writing index file Rd2.idx

(/usr/local/texlive/2020basic/texmf-dist/tex/latex/l3backend/l3backend-pdfmode.
def)
(/private/var/folders/pt/x80rw07n57q7h9tdwt97nvfh0000gn/T/Rtmp3l7ydv/Rd2pdf3f66
1032035d/Rd2.aux)
(/usr/local/texlive/2020basic/texmf-dist/tex/latex/psnfss/t1ptm.fd)
(/usr/local/texlive/2020basic/texmf-dist/tex/context/base/mkii/supp-pdf.mkii
[Loading MPS to PDF converter (version 2006.09.02).]
) (/usr/local/texlive/2020basic/texmf-dist/tex/latex/hyperref/nameref.sty
(/usr/local/texlive/2020basic/texmf-dist/tex/latex/refcount/refcount.sty)
(/usr/local/texlive/2020basic/texmf-dist/tex/generic/gettitlestring/gettitlestr
ing.sty))
(/private/var/folders/pt/x80rw07n57q7h9tdwt97nvfh0000gn/T/Rtmp3l7ydv/Rd2pdf3f66
1032035d/Rd2.out)
(/private/var/folders/pt/x80rw07n57q7h9tdwt97nvfh0000gn/T/Rtmp3l7ydv/Rd2pdf3f66
1032035d/Rd2.out)
(/usr/local/texlive/2020basic/texmf-dist/tex/latex/psnfss/ts1ptm.fd)
Overfull \hbox (51.91116pt too wide) in paragraph at lines 22--23
\T1/ptm/m/n/10 ble Small World Graphs\TS1/ptm/m/n/10 ''\T1/ptm/m/n/10 , Y. Malk
ov and D. Yashunin, doi: 10.1109/TPAMI.2018.2889473, arXiv: 1603.09320.  
(/usr/local/texlive/2020basic/texmf-dist/tex/latex/inconsolata/t1zi4.fd)
(/usr/local/texlive/2020basic/texmf-dist/tex/latex/psnfss/t1phv.fd)
(/private/var/folders/pt/x80rw07n57q7h9tdwt97nvfh0000gn/T/Rtmp3l7ydv/Rd2pdf3f66
1032035d/Rd2.toc) [1{/usr/local/texlive/2020basic/texmf-var/fonts/map/pdftex/up
dmap/pdftex.map}]
Overfull \hbox (30.43663pt too wide) in paragraph at lines 92--93
[]\T1/ptm/m/n/10 Integer mul-ti-plier to cal-cu-late can-di-date near-est neigh
-bors, set to k*ef_search_multiplier

Overfull \hbox (7.89777pt too wide) in paragraph at lines 92--93
\T1/ptm/m/n/10 (de-fault=50). Re-fer to the pa-ram-e-ters er and ef-Con-struc-t
ion in Malkov & Yashunin
[2] [3]
Overfull \hbox (30.43663pt too wide) in paragraph at lines 149--150
[]\T1/ptm/m/n/10 Integer mul-ti-plier to cal-cu-late can-di-date near-est neigh
-bors, set to k*ef_search_multiplier

Overfull \hbox (7.89777pt too wide) in paragraph at lines 149--150
\T1/ptm/m/n/10 (de-fault=50). Re-fer to the pa-ram-e-ters er and ef-Con-struc-t
ion in Malkov & Yashunin

(/private/var/folders/pt/x80rw07n57q7h9tdwt97nvfh0000gn/T/Rtmp3l7ydv/Rd2pdf3f66
1032035d/Rd2.ind [4] [5])
(/private/var/folders/pt/x80rw07n57q7h9tdwt97nvfh0000gn/T/Rtmp3l7ydv/Rd2pdf3f66
1032035d/Rd2.aux) )
(see the transcript file for additional information){/usr/local/texlive/2020bas
ic/texmf-dist/fonts/enc/dvips/base/8r.enc}{/usr/local/texlive/2020basic/texmf-d
ist/fonts/enc/dvips/inconsolata/i4-t1-0.enc}{/usr/local/texlive/2020basic/texmf
-dist/fonts/enc/dvips/cm-super/cm-super-ts1.enc}</usr/local/texlive/2020basic/t
exmf-dist/fonts/type1/public/inconsolata/Inconsolata-zi4r.pfb></usr/local/texli
ve/2020basic/texmf-dist/fonts/type1/public/cm-super/sfrm1000.pfb></usr/local/te
xlive/2020basic/texmf-dist/fonts/type1/urw/helvetic/uhvr8a.pfb></usr/local/texl
ive/2020basic/texmf-dist/fonts/type1/urw/times/utmb8a.pfb></usr/local/texlive/2
020basic/texmf-dist/fonts/type1/urw/times/utmr8a.pfb></usr/local/texlive/2020ba
sic/texmf-dist/fonts/type1/urw/times/utmr8a.pfb></usr/local/texlive/2020basic/t
exmf-dist/fonts/type1/urw/times/utmri8a.pfb>
Output written on Rd2.pdf (5 pages, 82888 bytes).
Transcript written on Rd2.log.
Saving output to ‘N2R-manual.pdf’ ...
Done
You may want to clean up by 'rm -Rf /var/folders/pt/x80rw07n57q7h9tdwt97nvfh0000gn/T//Rtmp3l7ydv/Rd2pdf3f661032035d'
